{"level":"warn","message":"Failed to initialize Convex client:","timestamp":"2026-02-02T00:09:37.012Z"}
{"level":"info","message":"Testing database connection...","timestamp":"2026-02-02T00:09:37.197Z"}
{"level":"info","message":"New PostgreSQL client connected","timestamp":"2026-02-02T00:09:37.258Z"}
{"level":"info","message":"PostgreSQL connection test successful","timestamp":"2026-02-02T00:09:37.268Z"}
{"level":"info","message":"Database connection successful, starting server...","timestamp":"2026-02-02T00:09:37.270Z"}
{"level":"info","message":"🚀 OrderZap Backend started on port 3001","timestamp":"2026-02-02T00:09:37.276Z"}
{"level":"info","message":"📊 Health check: http://localhost:3001/health","timestamp":"2026-02-02T00:09:37.277Z"}
{"level":"info","message":"📝 API endpoint: http://localhost:3001/api/orders","timestamp":"2026-02-02T00:09:37.278Z"}
{"level":"info","message":"🗄️  Database: Connected to PostgreSQL","timestamp":"2026-02-02T00:09:37.279Z"}
{"level":"info","message":"⚡ Realtime: Convex integration active","timestamp":"2026-02-02T00:09:37.279Z"}
{"ip":"127.0.0.1","level":"info","message":"Incoming request","method":"GET","path":"/health","timestamp":"2026-02-02T00:09:38.225Z"}
{"level":"info","message":"PostgreSQL client removed from pool","timestamp":"2026-02-02T00:10:07.279Z"}
{"level":"info","message":"SIGINT received, shutting down gracefully","timestamp":"2026-02-02T00:10:25.913Z"}
{"level":"info","message":"Convex client initialized","timestamp":"2026-02-02T00:20:51.232Z"}
{"level":"info","message":"Testing database connection...","timestamp":"2026-02-02T00:20:51.391Z"}
{"level":"info","message":"Convex API loaded successfully","timestamp":"2026-02-02T00:20:51.826Z"}
{"level":"info","message":"New PostgreSQL client connected","timestamp":"2026-02-02T00:20:51.848Z"}
{"level":"info","message":"PostgreSQL connection test successful","timestamp":"2026-02-02T00:20:51.869Z"}
{"level":"info","message":"Convex client initialized","timestamp":"2026-02-02T00:26:09.599Z"}
{"level":"info","message":"Testing database connection...","timestamp":"2026-02-02T00:26:09.716Z"}
{"level":"info","message":"Convex API loaded successfully","timestamp":"2026-02-02T00:26:09.986Z"}
{"level":"info","message":"New PostgreSQL client connected","timestamp":"2026-02-02T00:26:10.001Z"}
{"level":"info","message":"PostgreSQL connection test successful","timestamp":"2026-02-02T00:26:10.012Z"}
{"level":"info","message":"Convex client initialized","timestamp":"2026-02-02T00:29:04.051Z"}
{"level":"info","message":"Testing database connection...","timestamp":"2026-02-02T00:29:04.315Z"}
{"level":"info","message":"Convex API loaded successfully","timestamp":"2026-02-02T00:29:04.442Z"}
{"level":"info","message":"New PostgreSQL client connected","timestamp":"2026-02-02T00:29:04.463Z"}
{"level":"info","message":"PostgreSQL connection test successful","timestamp":"2026-02-02T00:29:04.473Z"}
{"level":"info","message":"Database connection successful, starting server...","timestamp":"2026-02-02T00:29:04.474Z"}
{"level":"info","message":"🚀 OrderZap Backend started on port 3002","timestamp":"2026-02-02T00:29:04.478Z"}
{"level":"info","message":"📊 Health check: http://localhost:3002/health","timestamp":"2026-02-02T00:29:04.479Z"}
{"level":"info","message":"📝 API endpoint: http://localhost:3002/api/orders","timestamp":"2026-02-02T00:29:04.479Z"}
{"level":"info","message":"🗄️  Database: Connected to PostgreSQL","timestamp":"2026-02-02T00:29:04.479Z"}
{"level":"info","message":"⚡ Realtime: Convex integration active","timestamp":"2026-02-02T00:29:04.480Z"}
{"ip":"127.0.0.1","level":"info","message":"Incoming request","method":"GET","path":"/health","timestamp":"2026-02-02T00:29:05.553Z"}
{"ip":"127.0.0.1","level":"info","message":"Incoming request","method":"GET","path":"/health","timestamp":"2026-02-02T00:29:05.626Z"}
{"ip":"127.0.0.1","level":"info","message":"Incoming request","method":"POST","path":"/api/orders","timestamp":"2026-02-02T00:29:06.088Z"}
{"itemCount":1,"level":"info","message":"Creating order","restaurantId":"550e8400-e29b-41d4-a716-446655440000","timestamp":"2026-02-02T00:29:06.098Z"}
{"all_keys":["id","restaurant_id","table_id","order_number","customer_name","customer_phone","customer_session_id","status","subtotal","tax_amount","tip_amount","discount_amount","deposit_used","total_amount","payment_method","payment_status","payment_transaction_id","notes","special_instructions","estimated_ready_time","completed_at","cancelled_at","cancellation_reason","created_at","updated_at","deleted_at"],"cancellation_reason_is_null":true,"cancellation_reason_is_undefined":false,"cancellation_reason_type":"object","cancellation_reason_value":null,"level":"info","message":"🔍 POSTGRES RETURNED ORDER","orderId":"f9d8d525-9cfd-4344-91a0-0a46dd908af0","timestamp":"2026-02-02T00:29:06.201Z"}
{"level":"info","message":"Order created successfully","orderId":"f9d8d525-9cfd-4344-91a0-0a46dd908af0","orderNumber":"ORD-2026-02-02-0001","timestamp":"2026-02-02T00:29:06.316Z"}
{"entityId":"f9d8d525-9cfd-4344-91a0-0a46dd908af0","error":"[Request ID: 89940023753122dc] Server Error\nCould not find public function for 'orders:upsertOrder'. Did you forget to run `npx convex dev` or `npx convex deploy`?\n","level":"error","message":"Convex order sync failed (attempt 1/3)","timestamp":"2026-02-02T00:29:09.145Z"}
{"entityId":"f9d8d525-9cfd-4344-91a0-0a46dd908af0","error":"[Request ID: 22853b6042aac50a] Server Error\nCould not find public function for 'orders:upsertOrder'. Did you forget to run `npx convex dev` or `npx convex deploy`?\n","level":"error","message":"Convex order sync failed (attempt 2/3)","timestamp":"2026-02-02T00:29:10.460Z"}
{"ip":"127.0.0.1","level":"info","message":"Incoming request","method":"GET","path":"/","timestamp":"2026-02-02T00:29:10.852Z"}
{"ip":"127.0.0.1","level":"info","message":"Incoming request","method":"GET","path":"/favicon.ico","timestamp":"2026-02-02T00:29:11.196Z"}
{"entityId":"f9d8d525-9cfd-4344-91a0-0a46dd908af0","error":"[Request ID: bd3cfe795e5fe518] Server Error\nCould not find public function for 'orders:upsertOrder'. Did you forget to run `npx convex dev` or `npx convex deploy`?\n","level":"error","message":"Convex order sync failed (attempt 3/3)","timestamp":"2026-02-02T00:29:12.785Z"}
{"error":"[Request ID: bd3cfe795e5fe518] Server Error\nCould not find public function for 'orders:upsertOrder'. Did you forget to run `npx convex dev` or `npx convex deploy`?\n","level":"error","message":"Convex sync failed","orderId":"f9d8d525-9cfd-4344-91a0-0a46dd908af0","timestamp":"2026-02-02T00:29:12.786Z"}
{"ip":"127.0.0.1","level":"info","message":"Incoming request","method":"GET","path":"/","timestamp":"2026-02-02T00:29:13.269Z"}
{"level":"info","message":"PostgreSQL client removed from pool","timestamp":"2026-02-02T00:29:36.333Z"}
{"ip":"127.0.0.1","level":"info","message":"Incoming request","method":"GET","path":"/health","timestamp":"2026-02-02T00:30:30.287Z"}
{"ip":"127.0.0.1","level":"info","message":"Incoming request","method":"GET","path":"/health","timestamp":"2026-02-02T00:30:30.671Z"}
{"ip":"127.0.0.1","level":"info","message":"Incoming request","method":"GET","path":"/health","timestamp":"2026-02-02T00:48:58.424Z"}
{"ip":"127.0.0.1","level":"info","message":"Incoming request","method":"POST","path":"/api/orders","timestamp":"2026-02-02T00:48:58.654Z"}
{"error":"items.0.menu_item_id: Invalid uuid","level":"error","message":"Request error","method":"POST","path":"/api/orders","stack":"Error: items.0.menu_item_id: Invalid uuid\n    at validate (/home/thilak-c/Desktop/orderzap.in/orderzap-backend/src/utils/validation.ts:87:13)\n    at OrderController.createOrder (/home/thilak-c/Desktop/orderzap.in/orderzap-backend/src/api/controllers/OrderController.ts:19:29)\n    at <anonymous> (/home/thilak-c/Desktop/orderzap.in/orderzap-backend/src/api/routes/orders.ts:15:54)\n    at Layer.handle [as handle_request] (/home/thilak-c/Desktop/orderzap.in/orderzap-backend/node_modules/express/lib/router/layer.js:95:5)\n    at next (/home/thilak-c/Desktop/orderzap.in/orderzap-backend/node_modules/express/lib/router/route.js:149:13)\n    at Route.dispatch (/home/thilak-c/Desktop/orderzap.in/orderzap-backend/node_modules/express/lib/router/route.js:119:3)\n    at Layer.handle [as handle_request] (/home/thilak-c/Desktop/orderzap.in/orderzap-backend/node_modules/express/lib/router/layer.js:95:5)\n    at /home/thilak-c/Desktop/orderzap.in/orderzap-backend/node_modules/express/lib/router/index.js:284:15\n    at router.process_params (/home/thilak-c/Desktop/orderzap.in/orderzap-backend/node_modules/express/lib/router/index.js:346:12)\n    at next (/home/thilak-c/Desktop/orderzap.in/orderzap-backend/node_modules/express/lib/router/index.js:280:10)","timestamp":"2026-02-02T00:48:58.685Z"}
{"level":"info","message":"Convex client initialized","timestamp":"2026-02-02T00:57:57.834Z"}
{"level":"info","message":"Testing database connection...","timestamp":"2026-02-02T00:57:57.972Z"}
{"level":"info","message":"Convex API loaded successfully","timestamp":"2026-02-02T00:57:58.080Z"}
{"level":"info","message":"New PostgreSQL client connected","timestamp":"2026-02-02T00:57:58.093Z"}
{"level":"info","message":"PostgreSQL connection test successful","timestamp":"2026-02-02T00:57:58.099Z"}
{"level":"info","message":"Database connection successful, starting server...","timestamp":"2026-02-02T00:57:58.100Z"}
{"level":"info","message":"🚀 OrderZap Backend started on port 3002","timestamp":"2026-02-02T00:57:58.107Z"}
{"level":"info","message":"📊 Health check: http://localhost:3002/health","timestamp":"2026-02-02T00:57:58.107Z"}
{"level":"info","message":"📝 API endpoint: http://localhost:3002/api/orders","timestamp":"2026-02-02T00:57:58.108Z"}
{"level":"info","message":"🗄️  Database: Connected to PostgreSQL","timestamp":"2026-02-02T00:57:58.109Z"}
{"level":"info","message":"⚡ Realtime: Convex integration active","timestamp":"2026-02-02T00:57:58.109Z"}
{"ip":"127.0.0.1","level":"info","message":"Incoming request","method":"GET","path":"/health","timestamp":"2026-02-02T00:57:58.714Z"}
{"ip":"127.0.0.1","level":"info","message":"Incoming request","method":"GET","path":"/health","timestamp":"2026-02-02T00:57:58.736Z"}
{"ip":"127.0.0.1","level":"info","message":"Incoming request","method":"POST","path":"/api/orders","timestamp":"2026-02-02T00:57:59.258Z"}
{"itemCount":1,"level":"info","message":"Creating order","restaurantId":"550e8400-e29b-41d4-a716-446655440000","timestamp":"2026-02-02T00:57:59.268Z"}
{"all_keys":["id","restaurant_id","table_id","order_number","customer_name","customer_phone","customer_session_id","status","subtotal","tax_amount","tip_amount","discount_amount","deposit_used","total_amount","payment_method","payment_status","payment_transaction_id","notes","special_instructions","estimated_ready_time","completed_at","cancelled_at","cancellation_reason","created_at","updated_at","deleted_at"],"cancellation_reason_is_null":true,"cancellation_reason_is_undefined":false,"cancellation_reason_type":"object","cancellation_reason_value":null,"level":"info","message":"🔍 POSTGRES RETURNED ORDER","orderId":"e4fac492-07e9-462d-ae1c-38bb51f91e3a","timestamp":"2026-02-02T00:57:59.302Z"}
{"level":"info","message":"Order created successfully","orderId":"e4fac492-07e9-462d-ae1c-38bb51f91e3a","orderNumber":"ORD-2026-02-02-0002","timestamp":"2026-02-02T00:57:59.355Z"}
{"entityId":"e4fac492-07e9-462d-ae1c-38bb51f91e3a","error":"[Request ID: c191cfdba422a31a] Server Error\nCould not find public function for 'orders:upsertOrder'. Did you forget to run `npx convex dev` or `npx convex deploy`?\n","level":"error","message":"Convex order sync failed (attempt 1/3)","timestamp":"2026-02-02T00:58:01.535Z"}
{"entityId":"e4fac492-07e9-462d-ae1c-38bb51f91e3a","error":"[Request ID: e2b9dae6eff08fea] Server Error\nCould not find public function for 'orders:upsertOrder'. Did you forget to run `npx convex dev` or `npx convex deploy`?\n","level":"error","message":"Convex order sync failed (attempt 2/3)","timestamp":"2026-02-02T00:58:02.841Z"}
{"entityId":"e4fac492-07e9-462d-ae1c-38bb51f91e3a","error":"[Request ID: d906e61ebc835f7a] Server Error\nCould not find public function for 'orders:upsertOrder'. Did you forget to run `npx convex dev` or `npx convex deploy`?\n","level":"error","message":"Convex order sync failed (attempt 3/3)","timestamp":"2026-02-02T00:58:05.380Z"}
{"error":"[Request ID: d906e61ebc835f7a] Server Error\nCould not find public function for 'orders:upsertOrder'. Did you forget to run `npx convex dev` or `npx convex deploy`?\n","level":"error","message":"Convex sync failed","orderId":"e4fac492-07e9-462d-ae1c-38bb51f91e3a","timestamp":"2026-02-02T00:58:05.381Z"}
{"ip":"127.0.0.1","level":"info","message":"Incoming request","method":"GET","path":"/health","timestamp":"2026-02-02T00:58:06.082Z"}
{"ip":"127.0.0.1","level":"info","message":"Incoming request","method":"POST","path":"/api/orders","timestamp":"2026-02-02T00:58:06.348Z"}
{"error":"items.0.menu_item_id: Invalid uuid","level":"error","message":"Request error","method":"POST","path":"/api/orders","stack":"Error: items.0.menu_item_id: Invalid uuid\n    at validate (/home/thilak-c/Desktop/orderzap.in/orderzap-backend/src/utils/validation.ts:87:13)\n    at OrderController.createOrder (/home/thilak-c/Desktop/orderzap.in/orderzap-backend/src/api/controllers/OrderController.ts:19:29)\n    at <anonymous> (/home/thilak-c/Desktop/orderzap.in/orderzap-backend/src/api/routes/orders.ts:15:54)\n    at Layer.handle [as handle_request] (/home/thilak-c/Desktop/orderzap.in/orderzap-backend/node_modules/express/lib/router/layer.js:95:5)\n    at next (/home/thilak-c/Desktop/orderzap.in/orderzap-backend/node_modules/express/lib/router/route.js:149:13)\n    at Route.dispatch (/home/thilak-c/Desktop/orderzap.in/orderzap-backend/node_modules/express/lib/router/route.js:119:3)\n    at Layer.handle [as handle_request] (/home/thilak-c/Desktop/orderzap.in/orderzap-backend/node_modules/express/lib/router/layer.js:95:5)\n    at /home/thilak-c/Desktop/orderzap.in/orderzap-backend/node_modules/express/lib/router/index.js:284:15\n    at router.process_params (/home/thilak-c/Desktop/orderzap.in/orderzap-backend/node_modules/express/lib/router/index.js:346:12)\n    at next (/home/thilak-c/Desktop/orderzap.in/orderzap-backend/node_modules/express/lib/router/index.js:280:10)","timestamp":"2026-02-02T00:58:06.359Z"}
{"level":"info","message":"PostgreSQL client removed from pool","timestamp":"2026-02-02T00:58:29.317Z"}
{"ip":"127.0.0.1","level":"info","message":"Incoming request","method":"GET","path":"/health","timestamp":"2026-02-02T01:00:02.009Z"}
{"ip":"127.0.0.1","level":"info","message":"Incoming request","method":"POST","path":"/api/orders","timestamp":"2026-02-02T01:00:02.487Z"}
{"itemCount":1,"level":"info","message":"Creating order","restaurantId":"550e8400-e29b-41d4-a716-446655440000","timestamp":"2026-02-02T01:00:02.491Z"}
{"level":"info","message":"New PostgreSQL client connected","timestamp":"2026-02-02T01:00:02.502Z"}
{"all_keys":["id","restaurant_id","table_id","order_number","customer_name","customer_phone","customer_session_id","status","subtotal","tax_amount","tip_amount","discount_amount","deposit_used","total_amount","payment_method","payment_status","payment_transaction_id","notes","special_instructions","estimated_ready_time","completed_at","cancelled_at","cancellation_reason","created_at","updated_at","deleted_at"],"cancellation_reason_is_null":true,"cancellation_reason_is_undefined":false,"cancellation_reason_type":"object","cancellation_reason_value":null,"level":"info","message":"🔍 POSTGRES RETURNED ORDER","orderId":"19431848-ae1b-4e3f-bd2f-08cbf7b59380","timestamp":"2026-02-02T01:00:02.523Z"}
{"level":"info","message":"Order created successfully","orderId":"19431848-ae1b-4e3f-bd2f-08cbf7b59380","orderNumber":"ORD-2026-02-02-0003","timestamp":"2026-02-02T01:00:02.535Z"}
{"level":"info","message":"PostgreSQL client removed from pool","timestamp":"2026-02-02T01:00:32.558Z"}
{"ip":"127.0.0.1","level":"info","message":"Incoming request","method":"GET","path":"/health","timestamp":"2026-02-02T01:07:38.333Z"}
{"ip":"127.0.0.1","level":"info","message":"Incoming request","method":"GET","path":"/health","timestamp":"2026-02-02T01:08:24.460Z"}
{"level":"info","message":"SIGTERM received, shutting down gracefully","timestamp":"2026-02-02T01:09:42.380Z"}
{"level":"info","message":"Convex client initialized","timestamp":"2026-02-02T01:09:44.508Z"}
{"level":"info","message":"Testing database connection...","timestamp":"2026-02-02T01:09:44.704Z"}
{"level":"info","message":"Convex API loaded successfully","timestamp":"2026-02-02T01:09:44.854Z"}
{"level":"info","message":"Convex client initialized","timestamp":"2026-02-02T01:09:44.514Z"}
{"level":"info","message":"New PostgreSQL client connected","timestamp":"2026-02-02T01:09:44.872Z"}
{"level":"info","message":"Testing database connection...","timestamp":"2026-02-02T01:09:44.715Z"}
{"level":"info","message":"Convex API loaded successfully","timestamp":"2026-02-02T01:09:44.861Z"}
{"level":"info","message":"New PostgreSQL client connected","timestamp":"2026-02-02T01:09:44.885Z"}
{"level":"info","message":"PostgreSQL connection test successful","timestamp":"2026-02-02T01:09:44.887Z"}
{"level":"info","message":"PostgreSQL connection test successful","timestamp":"2026-02-02T01:09:44.895Z"}
{"level":"info","message":"Database connection successful, starting server...","timestamp":"2026-02-02T01:09:44.888Z"}
{"level":"info","message":"🚀 OrderZap Backend started on port 3002","timestamp":"2026-02-02T01:09:44.895Z"}
{"level":"info","message":"📊 Health check: http://localhost:3002/health","timestamp":"2026-02-02T01:09:44.896Z"}
{"level":"info","message":"📝 API endpoint: http://localhost:3002/api/orders","timestamp":"2026-02-02T01:09:44.897Z"}
{"level":"info","message":"🗄️  Database: Connected to PostgreSQL","timestamp":"2026-02-02T01:09:44.898Z"}
{"level":"info","message":"⚡ Realtime: Convex integration active","timestamp":"2026-02-02T01:09:44.899Z"}
{"level":"info","message":"SIGINT received, shutting down gracefully","timestamp":"2026-02-02T01:10:09.518Z"}
{"level":"info","message":"Convex client initialized","timestamp":"2026-02-02T01:10:31.032Z"}
{"level":"info","message":"Testing database connection...","timestamp":"2026-02-02T01:10:31.178Z"}
{"level":"info","message":"Convex API loaded successfully","timestamp":"2026-02-02T01:10:31.289Z"}
{"level":"info","message":"New PostgreSQL client connected","timestamp":"2026-02-02T01:10:31.309Z"}
{"level":"info","message":"PostgreSQL connection test successful","timestamp":"2026-02-02T01:10:31.318Z"}
{"level":"info","message":"Database connection successful, starting server...","timestamp":"2026-02-02T01:10:31.318Z"}
{"level":"info","message":"🚀 OrderZap Backend started on port 3002","timestamp":"2026-02-02T01:10:31.324Z"}
{"level":"info","message":"📊 Health check: http://localhost:3002/health","timestamp":"2026-02-02T01:10:31.324Z"}
{"level":"info","message":"📝 API endpoint: http://localhost:3002/api/orders","timestamp":"2026-02-02T01:10:31.324Z"}
{"level":"info","message":"🗄️  Database: Connected to PostgreSQL","timestamp":"2026-02-02T01:10:31.325Z"}
{"level":"info","message":"⚡ Realtime: Convex integration active","timestamp":"2026-02-02T01:10:31.325Z"}
{"ip":"127.0.0.1","level":"info","message":"Incoming request","method":"GET","path":"/health","timestamp":"2026-02-02T01:10:32.203Z"}
{"ip":"127.0.0.1","level":"info","message":"Incoming request","method":"GET","path":"/health","timestamp":"2026-02-02T01:10:32.226Z"}
{"ip":"127.0.0.1","level":"info","message":"Incoming request","method":"POST","path":"/api/orders","timestamp":"2026-02-02T01:10:32.613Z"}
{"itemCount":1,"level":"info","message":"Creating order","restaurantId":"550e8400-e29b-41d4-a716-446655440000","timestamp":"2026-02-02T01:10:32.623Z"}
{"all_keys":["id","restaurant_id","table_id","order_number","customer_name","customer_phone","customer_session_id","status","subtotal","tax_amount","tip_amount","discount_amount","deposit_used","total_amount","payment_method","payment_status","payment_transaction_id","notes","special_instructions","estimated_ready_time","completed_at","cancelled_at","cancellation_reason","created_at","updated_at","deleted_at"],"cancellation_reason_is_null":true,"cancellation_reason_is_undefined":false,"cancellation_reason_type":"object","cancellation_reason_value":null,"level":"info","message":"🔍 POSTGRES RETURNED ORDER","orderId":"527275e6-a560-49af-a677-0d906a4b272a","timestamp":"2026-02-02T01:10:32.673Z"}
{"level":"info","message":"Order created successfully","orderId":"527275e6-a560-49af-a677-0d906a4b272a","orderNumber":"ORD-2026-02-02-0004","timestamp":"2026-02-02T01:10:32.746Z"}
{"entityId":"527275e6-a560-49af-a677-0d906a4b272a","error":"[Request ID: 53392ae993078d18] Server Error\nCould not find public function for 'orders:upsertOrder'. Did you forget to run `npx convex dev` or `npx convex deploy`?\n","level":"error","message":"Convex order sync failed (attempt 1/3)","timestamp":"2026-02-02T01:10:36.038Z"}
{"entityId":"527275e6-a560-49af-a677-0d906a4b272a","error":"[Request ID: 26f3ad9f74924cf8] Server Error\nCould not find public function for 'orders:upsertOrder'. Did you forget to run `npx convex dev` or `npx convex deploy`?\n","level":"error","message":"Convex order sync failed (attempt 2/3)","timestamp":"2026-02-02T01:10:37.368Z"}
{"entityId":"527275e6-a560-49af-a677-0d906a4b272a","error":"[Request ID: 536cb4f77f3a2fa4] Server Error\nCould not find public function for 'orders:upsertOrder'. Did you forget to run `npx convex dev` or `npx convex deploy`?\n","level":"error","message":"Convex order sync failed (attempt 3/3)","timestamp":"2026-02-02T01:10:39.722Z"}
{"error":"[Request ID: 536cb4f77f3a2fa4] Server Error\nCould not find public function for 'orders:upsertOrder'. Did you forget to run `npx convex dev` or `npx convex deploy`?\n","level":"error","message":"Convex sync failed","orderId":"527275e6-a560-49af-a677-0d906a4b272a","timestamp":"2026-02-02T01:10:39.724Z"}
{"level":"info","message":"Convex client initialized","timestamp":"2026-02-02T01:11:31.620Z"}
{"level":"info","message":"Testing database connection...","timestamp":"2026-02-02T01:11:31.761Z"}
{"level":"info","message":"Convex API loaded successfully","timestamp":"2026-02-02T01:11:31.851Z"}
{"level":"info","message":"New PostgreSQL client connected","timestamp":"2026-02-02T01:11:31.863Z"}
{"level":"info","message":"PostgreSQL connection test successful","timestamp":"2026-02-02T01:11:31.868Z"}
{"level":"info","message":"Database connection successful, starting server...","timestamp":"2026-02-02T01:11:31.869Z"}
{"level":"info","message":"🚀 OrderZap Backend started on port 3002","timestamp":"2026-02-02T01:11:31.872Z"}
{"level":"info","message":"📊 Health check: http://localhost:3002/health","timestamp":"2026-02-02T01:11:31.873Z"}
{"level":"info","message":"📝 API endpoint: http://localhost:3002/api/orders","timestamp":"2026-02-02T01:11:31.873Z"}
{"level":"info","message":"🗄️  Database: Connected to PostgreSQL","timestamp":"2026-02-02T01:11:31.873Z"}
{"level":"info","message":"⚡ Realtime: Convex integration active","timestamp":"2026-02-02T01:11:31.874Z"}
{"ip":"127.0.0.1","level":"info","message":"Incoming request","method":"GET","path":"/health","timestamp":"2026-02-02T01:11:32.987Z"}
{"ip":"127.0.0.1","level":"info","message":"Incoming request","method":"GET","path":"/health","timestamp":"2026-02-02T01:11:33.040Z"}
{"ip":"127.0.0.1","level":"info","message":"Incoming request","method":"POST","path":"/api/orders","timestamp":"2026-02-02T01:11:33.354Z"}
{"itemCount":1,"level":"info","message":"Creating order","restaurantId":"550e8400-e29b-41d4-a716-446655440000","timestamp":"2026-02-02T01:11:33.373Z"}
{"all_keys":["id","restaurant_id","table_id","order_number","customer_name","customer_phone","customer_session_id","status","subtotal","tax_amount","tip_amount","discount_amount","deposit_used","total_amount","payment_method","payment_status","payment_transaction_id","notes","special_instructions","estimated_ready_time","completed_at","cancelled_at","cancellation_reason","created_at","updated_at","deleted_at"],"cancellation_reason_is_null":true,"cancellation_reason_is_undefined":false,"cancellation_reason_type":"object","cancellation_reason_value":null,"level":"info","message":"🔍 POSTGRES RETURNED ORDER","orderId":"73ece35b-cd54-403a-949d-945519a66980","timestamp":"2026-02-02T01:11:33.398Z"}
{"level":"info","message":"Order created successfully","orderId":"73ece35b-cd54-403a-949d-945519a66980","orderNumber":"ORD-2026-02-02-0005","timestamp":"2026-02-02T01:11:33.466Z"}
{"entityId":"73ece35b-cd54-403a-949d-945519a66980","error":"[Request ID: 4bd7c059a04053de] Server Error\nCould not find public function for 'orders:upsertOrder'. Did you forget to run `npx convex dev` or `npx convex deploy`?\n","level":"error","message":"Convex order sync failed (attempt 1/3)","timestamp":"2026-02-02T01:11:35.898Z"}
{"entityId":"73ece35b-cd54-403a-949d-945519a66980","error":"[Request ID: b921e45143f340c8] Server Error\nCould not find public function for 'orders:upsertOrder'. Did you forget to run `npx convex dev` or `npx convex deploy`?\n","level":"error","message":"Convex order sync failed (attempt 2/3)","timestamp":"2026-02-02T01:11:37.241Z"}
{"entityId":"73ece35b-cd54-403a-949d-945519a66980","error":"[Request ID: b4fa1757fc3202f1] Server Error\nCould not find public function for 'orders:upsertOrder'. Did you forget to run `npx convex dev` or `npx convex deploy`?\n","level":"error","message":"Convex order sync failed (attempt 3/3)","timestamp":"2026-02-02T01:11:39.840Z"}
{"error":"[Request ID: b4fa1757fc3202f1] Server Error\nCould not find public function for 'orders:upsertOrder'. Did you forget to run `npx convex dev` or `npx convex deploy`?\n","level":"error","message":"Convex sync failed","orderId":"73ece35b-cd54-403a-949d-945519a66980","timestamp":"2026-02-02T01:11:39.841Z"}
{"level":"info","message":"PostgreSQL client removed from pool","timestamp":"2026-02-02T01:12:03.415Z"}
